<?xml version="1.0" encoding="UTF-8"?>
<testsuite name="LinkedList.AppTest" tests="2" skipped="0" failures="0" errors="0" timestamp="2021-07-06T12:44:40" hostname="LTUCSTUDENT-L05" time="0.045">
  <properties/>
  <testcase name="testZipLinkedListFunction()" classname="LinkedList.AppTest" time="0.043"/>
  <testcase name="appHasAGreeting()" classname="LinkedList.AppTest" time="0.002"/>
  <system-out><![CDATA[]]></system-out>
  <system-err><![CDATA[]]></system-err>
</testsuite>
